[debug] > Exec(early(addDefaultCommands), None, None)
[debug] > Exec(addDefaultCommands, None, None)
[debug] > Exec(early(initialize), None, None)
[debug] > Exec(initialize, None, None)
[debug] > Exec(early(addPluginSbtFile="""C:\Users\RODRIG~1\AppData\Local\Temp\idea.sbt"""), None, None)
[debug] > Exec(addPluginSbtFile="""C:\Users\RODRIG~1\AppData\Local\Temp\idea.sbt""", None, None)
[debug] > Exec(boot, None, None)
[debug] > Exec(writeSbtVersion, None, None)
[debug] > Exec(reload, None, None)
[debug] > Exec(sbtStashOnFailure, None, None)
[debug] > Exec(onFailure loadFailed, None, None)
[debug] > Exec(loadp, None, None)
[info] welcome to sbt 1.5.4 (AdoptOpenJDK Java 1.8.0_282)
[debug]       Load.loadUnit: plugins took 70.5368ms
[debug]       Load.loadUnit: defsScala took 0.2576ms
[debug] [Loading] Scanning directory C:\Users\Rodrigo Prates\.sbt\1.0\plugins
[debug] [Loading] Found non-root projects 
[debug] [Loading] Done in C:\Users\Rodrigo Prates\.sbt\1.0\plugins, returning: ()
[debug] deducing auto plugins based on known facts Set(Atom(sbt.plugins.CorePlugin)) and clauses Clauses(Clause(Atom(sbt.plugins.JvmPlugin),Set(Atom(sbt.plugins.IvyPlugin)))
[debug] Clause(Atom(sbt.ScriptedPlugin),Set(Atom(sbt.plugins.JvmPlugin)))
[debug] Clause(Atom(sbt.plugins.SbtPlugin),Set(Atom(sbt.ScriptedPlugin)))
[debug] Clause(Atom(sbt.plugins.SemanticdbPlugin),Set(Atom(sbt.plugins.JvmPlugin)))
[debug] Clause(Atom(sbt.plugins.JUnitXmlReportPlugin),Set(Atom(sbt.plugins.JvmPlugin)))
[debug] Clause(Atom(sbt.plugins.MiniDependencyTreePlugin),Set(Atom(sbt.plugins.JvmPlugin)))
[debug] Clause(Atom(sbt.plugins.CorePlugin),Set(Atom(sbt.plugins.IvyPlugin)))
[debug] Clause(Atom(sbt.plugins.IvyPlugin),Set(Atom(sbt.plugins.JvmPlugin)))
[debug] Clause(Atom(sbt.plugins.JvmPlugin),Set(Atom(sbt.plugins.SemanticdbPlugin)))
[debug] Clause(Atom(sbt.plugins.JvmPlugin),Set(Atom(sbt.plugins.JUnitXmlReportPlugin)))
[debug] Clause(Atom(sbt.plugins.CorePlugin),Set(Atom(sbt.plugins.Giter8TemplatePlugin)))
[debug] Clause(Atom(sbt.plugins.JvmPlugin),Set(Atom(sbt.plugins.MiniDependencyTreePlugin))))
[debug]   :: deduced result: Matched(sbt.plugins.CorePlugin,sbt.plugins.Giter8TemplatePlugin,sbt.plugins.IvyPlugin,sbt.plugins.JvmPlugin,sbt.plugins.MiniDependencyTreePlugin,sbt.plugins.JUnitXmlReportPlugin,sbt.plugins.SemanticdbPlugin)
[debug] Plugins.deducer#function took 15.2512 ms
[debug]           Load.resolveProject(global-plugins) took 40.5258ms
[debug]         Load.loadTransitive: finalizeProject(Project(id global-plugins, base: C:\Users\Rodrigo Prates\.sbt\1.0\plugins, plugins: List(<none>))) took 75.4694ms
[debug] [Loading] Done in C:\Users\Rodrigo Prates\.sbt\1.0\plugins, returning: (global-plugins)
[debug]       Load.loadUnit: loadedProjectsRaw took 91.7679ms
[debug]       Load.loadUnit: cleanEvalClasses took 0.2017ms
[debug]     Load.loadUnit(file:/C:/Users/Rodrigo%20Prates/.sbt/1.0/plugins/, ...) took 168.6432ms
[debug]   Load.apply: load took 310.4831ms
[debug]   Load.apply: resolveProjects took 4.6912ms
[debug]   Load.apply: finalTransforms took 40.4394ms
[debug]   Load.apply: config.delegates took 5.3604ms
[debug]   Load.apply: Def.make(settings)... took 239.5408ms
[debug]   Load.apply: structureIndex took 69.4507ms
[debug]   Load.apply: mkStreams took 1.1242ms
[info] loading global plugins from C:\Users\Rodrigo Prates\.sbt\1.0\plugins
[debug] Running task... Cancel: Signal, check cycles: false, forcegc: true
[debug] Load.defaultLoad until apply took 19146.6958ms
[debug]           Load.loadUnit: plugins took 16.5153ms
[debug]           Load.loadUnit: defsScala took 0.0025ms
[debug] [Loading] Scanning directory C:\Users\Rodrigo Prates\Documents\dev\workspace\scala-brownbag-project\project
[debug]             Load.loadUnit: mkEval took 5.9204ms
[debug] [Loading] Found non-root projects 
[debug] [Loading] Done in C:\Users\Rodrigo Prates\Documents\dev\workspace\scala-brownbag-project\project, returning: ()
[debug] deducing auto plugins based on known facts Set(Atom(sbt.plugins.CorePlugin)) and clauses Clauses(Clause(Atom(sbt.plugins.JvmPlugin),Set(Atom(sbt.plugins.IvyPlugin)))
[debug] Clause(Atom(sbt.ScriptedPlugin),Set(Atom(sbt.plugins.JvmPlugin)))
[debug] Clause(Atom(sbt.plugins.SbtPlugin),Set(Atom(sbt.ScriptedPlugin)))
[debug] Clause(Atom(sbt.plugins.SemanticdbPlugin),Set(Atom(sbt.plugins.JvmPlugin)))
[debug] Clause(Atom(sbt.plugins.JUnitXmlReportPlugin),Set(Atom(sbt.plugins.JvmPlugin)))
[debug] Clause(Atom(sbt.plugins.MiniDependencyTreePlugin),Set(Atom(sbt.plugins.JvmPlugin)))
[debug] Clause(Atom(sbt.plugins.CorePlugin),Set(Atom(sbt.plugins.IvyPlugin)))
[debug] Clause(Atom(sbt.plugins.IvyPlugin),Set(Atom(sbt.plugins.JvmPlugin)))
[debug] Clause(Atom(sbt.plugins.JvmPlugin),Set(Atom(sbt.plugins.SemanticdbPlugin)))
[debug] Clause(Atom(sbt.plugins.JvmPlugin),Set(Atom(sbt.plugins.JUnitXmlReportPlugin)))
[debug] Clause(Atom(sbt.plugins.CorePlugin),Set(Atom(sbt.plugins.Giter8TemplatePlugin)))
[debug] Clause(Atom(sbt.plugins.JvmPlugin),Set(Atom(sbt.plugins.MiniDependencyTreePlugin))))
[debug]   :: deduced result: Matched(sbt.plugins.CorePlugin,sbt.plugins.Giter8TemplatePlugin,sbt.plugins.IvyPlugin,sbt.plugins.JvmPlugin,sbt.plugins.MiniDependencyTreePlugin,sbt.plugins.JUnitXmlReportPlugin,sbt.plugins.SemanticdbPlugin)
[debug] Plugins.deducer#function took 1.3085 ms
[info] loading settings for project scala-brownbag-project-build from plugins.sbt,idea.sbt ...
[debug]               Load.resolveProject(scala-brownbag-project-build) took 2.0009ms
[debug]             Load.loadTransitive: finalizeProject(Project(id scala-brownbag-project-build, base: C:\Users\Rodrigo Prates\Documents\dev\workspace\scala-brownbag-project\project, plugins: List(<none>))) took 3.6667ms
[debug] [Loading] Done in C:\Users\Rodrigo Prates\Documents\dev\workspace\scala-brownbag-project\project, returning: (scala-brownbag-project-build)
[debug]           Load.loadUnit: loadedProjectsRaw took 1566.5358ms
[debug]           Load.loadUnit: cleanEvalClasses took 4.6705ms
[debug]         Load.loadUnit(file:/C:/Users/Rodrigo%20Prates/Documents/dev/workspace/scala-brownbag-project/project/, ...) took 1588.4553ms
[debug]       Load.apply: load took 1589.5849ms
[debug]       Load.apply: resolveProjects took 0.0775ms
[debug]       Load.apply: finalTransforms took 6.0518ms
[debug]       Load.apply: config.delegates took 0.4297ms
[debug]       Load.apply: Def.make(settings)... took 52.2119ms
[debug]       Load.apply: structureIndex took 15.3525ms
[debug]       Load.apply: mkStreams took 0.0019ms
[info] loading project definition from C:\Users\Rodrigo Prates\Documents\dev\workspace\scala-brownbag-project\project
[debug] Running task... Cancel: Signal, check cycles: false, forcegc: true
[warn] Unrecognized repository Scala Plugin Bundled Repository, ignoring it
[debug]     Load.loadUnit: plugins took 3541.2691ms
[debug]     Load.loadUnit: defsScala took 0.0022ms
[debug] [Loading] Scanning directory C:\Users\Rodrigo Prates\Documents\dev\workspace\scala-brownbag-project
[debug]       Load.loadUnit: mkEval took 0.1611ms
[debug] [Loading] Found non-root projects 
[debug] [Loading] Done in C:\Users\Rodrigo Prates\Documents\dev\workspace\scala-brownbag-project, returning: ()
[debug] deducing auto plugins based on known facts Set(Atom(sbt.plugins.CorePlugin)) and clauses Clauses(Clause(Atom(sbt.plugins.JvmPlugin),Set(Atom(sbt.plugins.IvyPlugin)))
[debug] Clause(Atom(sbt.ScriptedPlugin),Set(Atom(sbt.plugins.JvmPlugin)))
[debug] Clause(Atom(sbt.plugins.SbtPlugin),Set(Atom(sbt.ScriptedPlugin)))
[debug] Clause(Atom(sbt.plugins.SemanticdbPlugin),Set(Atom(sbt.plugins.JvmPlugin)))
[debug] Clause(Atom(sbt.plugins.JUnitXmlReportPlugin),Set(Atom(sbt.plugins.JvmPlugin)))
[debug] Clause(Atom(sbt.plugins.MiniDependencyTreePlugin),Set(Atom(sbt.plugins.JvmPlugin)))
[debug] Clause(Atom(sbtide.ConfigPlugin),Set(Atom(sbt.plugins.JvmPlugin)))
[debug] Clause(Atom(org.jetbrains.sbt.StructurePlugin),Set(Atom(sbt.plugins.JvmPlugin)))
[debug] Clause(Atom(org.jetbrains.sbt.IdeaShellPlugin),Set(Atom(sbt.plugins.JvmPlugin)))
[debug] Clause(Atom(org.jetbrains.sbt.indices.SbtIntellijIndicesPlugin),Set(Atom(sbt.plugins.JvmPlugin)))
[debug] Clause(Atom(sbt.plugins.CorePlugin),Set(Atom(sbt.plugins.IvyPlugin)))
[debug] Clause(Atom(sbt.plugins.IvyPlugin),Set(Atom(sbt.plugins.JvmPlugin)))
[debug] Clause(Atom(sbt.plugins.JvmPlugin),Set(Atom(sbt.plugins.SemanticdbPlugin)))
[debug] Clause(Atom(sbt.plugins.JvmPlugin),Set(Atom(sbt.plugins.JUnitXmlReportPlugin)))
[debug] Clause(Atom(sbt.plugins.CorePlugin),Set(Atom(sbt.plugins.Giter8TemplatePlugin)))
[debug] Clause(Atom(sbt.plugins.JvmPlugin),Set(Atom(sbt.plugins.MiniDependencyTreePlugin)))
[debug] Clause(Atom(sbt.plugins.JvmPlugin),Set(Atom(org.jetbrains.sbt.StructurePlugin)))
[debug] Clause(Atom(sbt.plugins.JvmPlugin),Set(Atom(org.jetbrains.sbt.IdeaShellPlugin)))
[debug] Clause(And(Set(Atom(sbt.plugins.CorePlugin), Atom(sbt.plugins.JvmPlugin))),Set(Atom(org.jetbrains.sbt.indices.SbtIntellijIndicesPlugin))))
[debug]   :: deduced result: Matched(sbt.plugins.CorePlugin,sbt.plugins.Giter8TemplatePlugin,sbt.plugins.IvyPlugin,sbt.plugins.JvmPlugin,sbt.plugins.SemanticdbPlugin,org.jetbrains.sbt.indices.SbtIntellijIndicesPlugin,sbt.plugins.JUnitXmlReportPlugin,org.jetbrains.sbt.IdeaShellPlugin,org.jetbrains.sbt.StructurePlugin,sbt.plugins.MiniDependencyTreePlugin)
[debug] Plugins.deducer#function took 1.2076 ms
[info] loading settings for project scala-brownbag-project from build.sbt ...
[debug]         Load.resolveProject(scala-brownbag-project) took 21.0964ms
[debug]       Load.loadTransitive: finalizeProject(Project(id scala-brownbag-project, base: C:\Users\Rodrigo Prates\Documents\dev\workspace\scala-brownbag-project, plugins: List(<none>))) took 23.1729ms
[debug] [Loading] Done in C:\Users\Rodrigo Prates\Documents\dev\workspace\scala-brownbag-project, returning: (scala-brownbag-project)
[debug]     Load.loadUnit: loadedProjectsRaw took 565.2193ms
[debug]     Load.loadUnit: cleanEvalClasses took 7.5565ms
[debug]   Load.loadUnit(file:/C:/Users/Rodrigo%20Prates/Documents/dev/workspace/scala-brownbag-project/, ...) took 4114.7178ms
[debug] Load.apply: load took 4115.7831ms
[debug] Load.apply: resolveProjects took 0.0739ms
[debug] Load.apply: finalTransforms took 17.0354ms
[debug] Load.apply: config.delegates took 0.2104ms
[debug] Load.apply: Def.make(settings)... took 41.0121ms
[debug] Load.apply: structureIndex took 13.0874ms
[debug] Load.apply: mkStreams took 0.0019ms
[info] set current project to scala-brownbag-project (in build file:/C:/Users/Rodrigo%20Prates/Documents/dev/workspace/scala-brownbag-project/)
[warn] there's a key that's not used by any other settings/tasks:
[warn]  
[warn] * scala-brownbag-project / idePackagePrefix
[warn]   +- C:\Users\Rodrigo Prates\Documents\dev\workspace\scala-brownbag-project\build.sbt:7
[warn]  
[warn] note: a setting might still be used by a command; to exclude a key from this `lintUnused` check
[warn] either append it to `Global / excludeLintKeys` or call .withRank(KeyRanks.Invisible) on the key
[debug] > Exec(sbtPopOnFailure, None, None)
[debug] > Exec(resumeFromFailure, None, None)
[debug] > Exec(notifyUsersAboutShell, None, None)
[debug] > Exec(iflast shell, None, None)
[debug] > Exec(; set ideaPort in Global := 64400 ; idea-shell, None, None)
[debug] > Exec(set ideaPort in Global := 64400, None, None)
[info] Defining Global / ideaPort
[info] The new value will be used by Compile / compile, Test / compile
[debug] Defining 
[debug] 	Global / ideaPort
[debug] 
[debug] The new value will be used by 
[debug] 	Compile / compile
[debug] 	Test / compile
[info] Reapplying settings...
[info] set current project to scala-brownbag-project (in build file:/C:/Users/Rodrigo%20Prates/Documents/dev/workspace/scala-brownbag-project/)
[debug] > Exec(idea-shell, None, None)
