[debug] > Exec(early(addDefaultCommands), None, None)
[debug] > Exec(addDefaultCommands, None, None)
[debug] > Exec(early(initialize), None, None)
[debug] > Exec(initialize, None, None)
[debug] > Exec(early(addPluginSbtFile="""C:\Users\RODRIG~1\AppData\Local\Temp\idea.sbt"""), None, None)
[debug] > Exec(addPluginSbtFile="""C:\Users\RODRIG~1\AppData\Local\Temp\idea.sbt""", None, None)
[debug] > Exec(boot, None, None)
[debug] > Exec(writeSbtVersion, None, None)
[debug] > Exec(reload, None, None)
[debug] > Exec(sbtStashOnFailure, None, None)
[debug] > Exec(onFailure loadFailed, None, None)
[debug] > Exec(loadp, None, None)
[info] welcome to sbt 1.5.4 (AdoptOpenJDK Java 1.8.0_282)
[debug]       Load.loadUnit: plugins took 59.8772ms
[debug]       Load.loadUnit: defsScala took 0.2286ms
[debug] [Loading] Scanning directory C:\Users\Rodrigo Prates\.sbt\1.0\plugins
[debug] [Loading] Found non-root projects 
[debug] [Loading] Done in C:\Users\Rodrigo Prates\.sbt\1.0\plugins, returning: ()
[debug] deducing auto plugins based on known facts Set(Atom(sbt.plugins.CorePlugin)) and clauses Clauses(Clause(Atom(sbt.plugins.JvmPlugin),Set(Atom(sbt.plugins.IvyPlugin)))
[debug] Clause(Atom(sbt.ScriptedPlugin),Set(Atom(sbt.plugins.JvmPlugin)))
[debug] Clause(Atom(sbt.plugins.SbtPlugin),Set(Atom(sbt.ScriptedPlugin)))
[debug] Clause(Atom(sbt.plugins.SemanticdbPlugin),Set(Atom(sbt.plugins.JvmPlugin)))
[debug] Clause(Atom(sbt.plugins.JUnitXmlReportPlugin),Set(Atom(sbt.plugins.JvmPlugin)))
[debug] Clause(Atom(sbt.plugins.MiniDependencyTreePlugin),Set(Atom(sbt.plugins.JvmPlugin)))
[debug] Clause(Atom(sbt.plugins.CorePlugin),Set(Atom(sbt.plugins.IvyPlugin)))
[debug] Clause(Atom(sbt.plugins.IvyPlugin),Set(Atom(sbt.plugins.JvmPlugin)))
[debug] Clause(Atom(sbt.plugins.JvmPlugin),Set(Atom(sbt.plugins.SemanticdbPlugin)))
[debug] Clause(Atom(sbt.plugins.JvmPlugin),Set(Atom(sbt.plugins.JUnitXmlReportPlugin)))
[debug] Clause(Atom(sbt.plugins.CorePlugin),Set(Atom(sbt.plugins.Giter8TemplatePlugin)))
[debug] Clause(Atom(sbt.plugins.JvmPlugin),Set(Atom(sbt.plugins.MiniDependencyTreePlugin))))
[debug]   :: deduced result: Matched(sbt.plugins.CorePlugin,sbt.plugins.Giter8TemplatePlugin,sbt.plugins.IvyPlugin,sbt.plugins.JvmPlugin,sbt.plugins.MiniDependencyTreePlugin,sbt.plugins.JUnitXmlReportPlugin,sbt.plugins.SemanticdbPlugin)
[debug] Plugins.deducer#function took 14.012 ms
[debug]           Load.resolveProject(global-plugins) took 35.1297ms
[debug]         Load.loadTransitive: finalizeProject(Project(id global-plugins, base: C:\Users\Rodrigo Prates\.sbt\1.0\plugins, plugins: List(<none>))) took 67.4535ms
[debug] [Loading] Done in C:\Users\Rodrigo Prates\.sbt\1.0\plugins, returning: (global-plugins)
[debug]       Load.loadUnit: loadedProjectsRaw took 82.3885ms
[debug]       Load.loadUnit: cleanEvalClasses took 0.1876ms
[debug]     Load.loadUnit(file:/C:/Users/Rodrigo%20Prates/.sbt/1.0/plugins/, ...) took 147.9168ms
[debug]   Load.apply: load took 274.2216ms
[debug]   Load.apply: resolveProjects took 5.0791ms
[debug]   Load.apply: finalTransforms took 43.2637ms
[debug]   Load.apply: config.delegates took 5.3598ms
[debug]   Load.apply: Def.make(settings)... took 239.8185ms
[debug]   Load.apply: structureIndex took 62.8945ms
[debug]   Load.apply: mkStreams took 1.0148ms
[info] loading global plugins from C:\Users\Rodrigo Prates\.sbt\1.0\plugins
[debug] Running task... Cancel: Signal, check cycles: false, forcegc: true
[debug] Load.defaultLoad until apply took 1659.9882ms
[debug]           Load.loadUnit: plugins took 19.7501ms
[debug]           Load.loadUnit: defsScala took 0.0043ms
[debug] [Loading] Scanning directory C:\Users\Rodrigo Prates\Documents\dev\workspace\scala-brownbag-project\project
[debug]             Load.loadUnit: mkEval took 5.9156ms
[debug] [Loading] Found non-root projects 
[debug] [Loading] Done in C:\Users\Rodrigo Prates\Documents\dev\workspace\scala-brownbag-project\project, returning: ()
[debug] deducing auto plugins based on known facts Set(Atom(sbt.plugins.CorePlugin)) and clauses Clauses(Clause(Atom(sbt.plugins.JvmPlugin),Set(Atom(sbt.plugins.IvyPlugin)))
[debug] Clause(Atom(sbt.ScriptedPlugin),Set(Atom(sbt.plugins.JvmPlugin)))
[debug] Clause(Atom(sbt.plugins.SbtPlugin),Set(Atom(sbt.ScriptedPlugin)))
[debug] Clause(Atom(sbt.plugins.SemanticdbPlugin),Set(Atom(sbt.plugins.JvmPlugin)))
[debug] Clause(Atom(sbt.plugins.JUnitXmlReportPlugin),Set(Atom(sbt.plugins.JvmPlugin)))
[debug] Clause(Atom(sbt.plugins.MiniDependencyTreePlugin),Set(Atom(sbt.plugins.JvmPlugin)))
[debug] Clause(Atom(sbt.plugins.CorePlugin),Set(Atom(sbt.plugins.IvyPlugin)))
[debug] Clause(Atom(sbt.plugins.IvyPlugin),Set(Atom(sbt.plugins.JvmPlugin)))
[debug] Clause(Atom(sbt.plugins.JvmPlugin),Set(Atom(sbt.plugins.SemanticdbPlugin)))
[debug] Clause(Atom(sbt.plugins.JvmPlugin),Set(Atom(sbt.plugins.JUnitXmlReportPlugin)))
[debug] Clause(Atom(sbt.plugins.CorePlugin),Set(Atom(sbt.plugins.Giter8TemplatePlugin)))
[debug] Clause(Atom(sbt.plugins.JvmPlugin),Set(Atom(sbt.plugins.MiniDependencyTreePlugin))))
[debug]   :: deduced result: Matched(sbt.plugins.CorePlugin,sbt.plugins.Giter8TemplatePlugin,sbt.plugins.IvyPlugin,sbt.plugins.JvmPlugin,sbt.plugins.MiniDependencyTreePlugin,sbt.plugins.JUnitXmlReportPlugin,sbt.plugins.SemanticdbPlugin)
[debug] Plugins.deducer#function took 1.7412 ms
[info] loading settings for project scala-brownbag-project-build from plugins.sbt,idea.sbt ...
[debug]               Load.resolveProject(scala-brownbag-project-build) took 3.9314ms
[debug]             Load.loadTransitive: finalizeProject(Project(id scala-brownbag-project-build, base: C:\Users\Rodrigo Prates\Documents\dev\workspace\scala-brownbag-project\project, plugins: List(<none>))) took 6.1163ms
[debug] [Loading] Done in C:\Users\Rodrigo Prates\Documents\dev\workspace\scala-brownbag-project\project, returning: (scala-brownbag-project-build)
[debug]           Load.loadUnit: loadedProjectsRaw took 1512.9554ms
[debug]           Load.loadUnit: cleanEvalClasses took 3.4814ms
[debug]         Load.loadUnit(file:/C:/Users/Rodrigo%20Prates/Documents/dev/workspace/scala-brownbag-project/project/, ...) took 1537.1606ms
[debug]       Load.apply: load took 1538.2592ms
[debug]       Load.apply: resolveProjects took 0.0836ms
[debug]       Load.apply: finalTransforms took 6.3128ms
[debug]       Load.apply: config.delegates took 0.3327ms
[debug]       Load.apply: Def.make(settings)... took 63.3208ms
[debug]       Load.apply: structureIndex took 16.2231ms
[debug]       Load.apply: mkStreams took 0.0017ms
[info] loading project definition from C:\Users\Rodrigo Prates\Documents\dev\workspace\scala-brownbag-project\project
[debug] Running task... Cancel: Signal, check cycles: false, forcegc: true
[warn] Unrecognized repository Scala Plugin Bundled Repository, ignoring it
[debug]     Load.loadUnit: plugins took 2663.7677ms
[debug]     Load.loadUnit: defsScala took 0.002ms
[debug] [Loading] Scanning directory C:\Users\Rodrigo Prates\Documents\dev\workspace\scala-brownbag-project
[debug]       Load.loadUnit: mkEval took 0.194ms
[debug] [Loading] Found non-root projects 
[debug] [Loading] Done in C:\Users\Rodrigo Prates\Documents\dev\workspace\scala-brownbag-project, returning: ()
[debug] deducing auto plugins based on known facts Set(Atom(sbt.plugins.CorePlugin)) and clauses Clauses(Clause(Atom(sbt.plugins.JvmPlugin),Set(Atom(sbt.plugins.IvyPlugin)))
[debug] Clause(Atom(sbt.ScriptedPlugin),Set(Atom(sbt.plugins.JvmPlugin)))
[debug] Clause(Atom(sbt.plugins.SbtPlugin),Set(Atom(sbt.ScriptedPlugin)))
[debug] Clause(Atom(sbt.plugins.SemanticdbPlugin),Set(Atom(sbt.plugins.JvmPlugin)))
[debug] Clause(Atom(sbt.plugins.JUnitXmlReportPlugin),Set(Atom(sbt.plugins.JvmPlugin)))
[debug] Clause(Atom(sbt.plugins.MiniDependencyTreePlugin),Set(Atom(sbt.plugins.JvmPlugin)))
[debug] Clause(Atom(sbtide.ConfigPlugin),Set(Atom(sbt.plugins.JvmPlugin)))
[debug] Clause(Atom(org.jetbrains.sbt.StructurePlugin),Set(Atom(sbt.plugins.JvmPlugin)))
[debug] Clause(Atom(org.jetbrains.sbt.IdeaShellPlugin),Set(Atom(sbt.plugins.JvmPlugin)))
[debug] Clause(Atom(org.jetbrains.sbt.indices.SbtIntellijIndicesPlugin),Set(Atom(sbt.plugins.JvmPlugin)))
[debug] Clause(Atom(sbt.plugins.CorePlugin),Set(Atom(sbt.plugins.IvyPlugin)))
[debug] Clause(Atom(sbt.plugins.IvyPlugin),Set(Atom(sbt.plugins.JvmPlugin)))
[debug] Clause(Atom(sbt.plugins.JvmPlugin),Set(Atom(sbt.plugins.SemanticdbPlugin)))
[debug] Clause(Atom(sbt.plugins.JvmPlugin),Set(Atom(sbt.plugins.JUnitXmlReportPlugin)))
[debug] Clause(Atom(sbt.plugins.CorePlugin),Set(Atom(sbt.plugins.Giter8TemplatePlugin)))
[debug] Clause(Atom(sbt.plugins.JvmPlugin),Set(Atom(sbt.plugins.MiniDependencyTreePlugin)))
[debug] Clause(Atom(sbt.plugins.JvmPlugin),Set(Atom(org.jetbrains.sbt.StructurePlugin)))
[debug] Clause(Atom(sbt.plugins.JvmPlugin),Set(Atom(org.jetbrains.sbt.IdeaShellPlugin)))
[debug] Clause(And(Set(Atom(sbt.plugins.CorePlugin), Atom(sbt.plugins.JvmPlugin))),Set(Atom(org.jetbrains.sbt.indices.SbtIntellijIndicesPlugin))))
[debug]   :: deduced result: Matched(sbt.plugins.CorePlugin,sbt.plugins.Giter8TemplatePlugin,sbt.plugins.IvyPlugin,sbt.plugins.JvmPlugin,sbt.plugins.SemanticdbPlugin,org.jetbrains.sbt.indices.SbtIntellijIndicesPlugin,sbt.plugins.JUnitXmlReportPlugin,org.jetbrains.sbt.IdeaShellPlugin,org.jetbrains.sbt.StructurePlugin,sbt.plugins.MiniDependencyTreePlugin)
[debug] Plugins.deducer#function took 1.7661 ms
[info] loading settings for project scala-brownbag-project from build.sbt ...
[debug]         Load.resolveProject(scala-brownbag-project) took 21.1908ms
[debug]       Load.loadTransitive: finalizeProject(Project(id scala-brownbag-project, base: C:\Users\Rodrigo Prates\Documents\dev\workspace\scala-brownbag-project, plugins: List(<none>))) took 24.2978ms
[debug] [Loading] Done in C:\Users\Rodrigo Prates\Documents\dev\workspace\scala-brownbag-project, returning: (scala-brownbag-project)
[debug]     Load.loadUnit: loadedProjectsRaw took 958.8834ms
[debug]     Load.loadUnit: cleanEvalClasses took 9.3602ms
[debug]   Load.loadUnit(file:/C:/Users/Rodrigo%20Prates/Documents/dev/workspace/scala-brownbag-project/, ...) took 3632.4271ms
[debug] Load.apply: load took 3633.4116ms
[debug] Load.apply: resolveProjects took 0.072ms
[debug] Load.apply: finalTransforms took 14.8128ms
[debug] Load.apply: config.delegates took 0.2334ms
[debug] Load.apply: Def.make(settings)... took 43.5751ms
[debug] Load.apply: structureIndex took 12.7152ms
[debug] Load.apply: mkStreams took 0.002ms
[info] set current project to scala-brownbag-project (in build file:/C:/Users/Rodrigo%20Prates/Documents/dev/workspace/scala-brownbag-project/)
[warn] there's a key that's not used by any other settings/tasks:
[warn]  
[warn] * scala-brownbag-project / idePackagePrefix
[warn]   +- C:\Users\Rodrigo Prates\Documents\dev\workspace\scala-brownbag-project\build.sbt:7
[warn]  
[warn] note: a setting might still be used by a command; to exclude a key from this `lintUnused` check
[warn] either append it to `Global / excludeLintKeys` or call .withRank(KeyRanks.Invisible) on the key
[debug] > Exec(sbtPopOnFailure, None, None)
[debug] > Exec(resumeFromFailure, None, None)
[debug] > Exec(notifyUsersAboutShell, None, None)
[debug] > Exec(iflast shell, None, None)
[debug] > Exec(; set ideaPort in Global := 55239 ; idea-shell, None, None)
[debug] > Exec(set ideaPort in Global := 55239, None, None)
[info] Defining Global / ideaPort
[info] The new value will be used by Compile / compile, Test / compile
[debug] Defining 
[debug] 	Global / ideaPort
[debug] 
[debug] The new value will be used by 
[debug] 	Compile / compile
[debug] 	Test / compile
[info] Reapplying settings...
[info] set current project to scala-brownbag-project (in build file:/C:/Users/Rodrigo%20Prates/Documents/dev/workspace/scala-brownbag-project/)
[debug] > Exec(idea-shell, None, None)
